14:25:19,446 - INFO com.jh.custom.config.HttpConfigDefault - ROOT_PATH: 	
14:25:19,446 - INFO com.jh.custom.config.HttpConfigDefault - RESOURCE_PATH: 	resources/static/
14:25:19,448 - INFO com.jh.custom.config.HttpConfigDefault - WELCOME_FILE: 	resources/static/index.html
14:25:19,448 - INFO com.jh.custom.config.HttpConfigDefault - NOT_FOUND_FILE: 	resources/static/404.html
14:25:19,448 - INFO com.jh.custom.config.HttpConfigDefault - ERROR_FILE: 		resources/static/error.html
14:25:19,459 - INFO com.jh.server.GYServer - Start server..
14:25:21,345 - INFO com.jh.server.http.request.HttpRequest - (Success)End Generate Request Object
14:25:21,345 - INFO com.jh.server.http.application.GYApplication - HttpRequest [method=GET, protocol=HTTP/1.1, query=query, uri=/, remoteAddress=/0:0:0:0:0:0:0:1:54309, headerMap={Cache-Control=max-age=0, Accept=text/html,application/xhtml+xml,application/xml;q=0.9,image/webp,image/apng,*/*;q=0.8,application/signed-exchange;v=b3, Upgrade-Insecure-Requests=1, Connection=keep-alive, User-Agent=Mozilla/5.0 (Macintosh; Intel Mac OS X 10_13_6) AppleWebKit/537.36 (KHTML, like Gecko) Chrome/76.0.3809.132 Safari/537.36, Sec-Fetch-Site=none, Host=localhost:8080, Sec-Fetch-User=?1, Accept-Encoding=gzip, deflate, br, Accept-Language=ko-KR,ko;q=0.9,en-US;q=0.8,en;q=0.7, Sec-Fetch-Mode=navigate}]
14:25:21,348 - INFO com.jh.server.http.application.GYApplication - ####LOSE CLIENT SOCKET####
14:26:24,618 - INFO com.jh.custom.config.HttpConfigDefault - [Sun Sep 15 14:26:24 KST 2019] Init http configuration [Default configuration]
14:26:24,620 - INFO com.jh.custom.config.HttpConfigDefault - PORT: 		8080
14:26:24,620 - INFO com.jh.custom.config.HttpConfigDefault - ROOT_PATH: 	
14:26:24,620 - INFO com.jh.custom.config.HttpConfigDefault - RESOURCE_PATH: 	resources/static/
14:26:24,622 - INFO com.jh.custom.config.HttpConfigDefault - WELCOME_FILE: 	resources/static/index.html
14:26:24,622 - INFO com.jh.custom.config.HttpConfigDefault - NOT_FOUND_FILE: 	resources/static/404.html
14:26:24,622 - INFO com.jh.custom.config.HttpConfigDefault - ERROR_FILE: 		resources/static/error.html
14:26:24,632 - INFO com.jh.server.GYServer - Start server..
14:26:31,424 - INFO com.jh.custom.config.HttpConfigDefault - [Sun Sep 15 14:26:31 KST 2019] Init http configuration [Default configuration]
14:26:31,427 - INFO com.jh.custom.config.HttpConfigDefault - PORT: 		8080
14:26:31,427 - INFO com.jh.custom.config.HttpConfigDefault - ROOT_PATH: 	
14:26:31,427 - INFO com.jh.custom.config.HttpConfigDefault - RESOURCE_PATH: 	resources/static/
14:26:31,430 - INFO com.jh.custom.config.HttpConfigDefault - WELCOME_FILE: 	resources/static/index.html
14:26:31,430 - INFO com.jh.custom.config.HttpConfigDefault - NOT_FOUND_FILE: 	resources/static/404.html
14:26:31,430 - INFO com.jh.custom.config.HttpConfigDefault - ERROR_FILE: 		resources/static/error.html
14:26:31,442 - INFO com.jh.server.GYServer - Start server..
14:26:34,942 - INFO com.jh.server.http.application.GYApplication - ###########START MAIN PROCESS###########
14:26:34,943 - INFO com.jh.server.http.application.GYApplication - ###########START MAIN PROCESS###########
14:26:34,947 - INFO com.jh.server.http.request.HttpRequest - (Success)End Generate Request Object
14:26:34,947 - INFO com.jh.server.http.application.GYApplication - HttpRequest [method=GET, protocol=HTTP/1.1, query=query, uri=/, remoteAddress=/0:0:0:0:0:0:0:1:54312, headerMap={Cache-Control=max-age=0, Accept=text/html,application/xhtml+xml,application/xml;q=0.9,image/webp,image/apng,*/*;q=0.8,application/signed-exchange;v=b3, Upgrade-Insecure-Requests=1, Connection=keep-alive, User-Agent=Mozilla/5.0 (Macintosh; Intel Mac OS X 10_13_6) AppleWebKit/537.36 (KHTML, like Gecko) Chrome/76.0.3809.132 Safari/537.36, Sec-Fetch-Site=none, Host=localhost:8080, Sec-Fetch-User=?1, Accept-Encoding=gzip, deflate, br, Accept-Language=ko-KR,ko;q=0.9,en-US;q=0.8,en;q=0.7, Sec-Fetch-Mode=navigate}]
14:26:34,950 - INFO com.jh.server.http.application.GYApplication - ############END MAIN PROCESS############
14:27:02,464 - INFO com.jh.server.http.application.GYApplication - ###########START MAIN PROCESS###########
14:27:02,465 - INFO com.jh.server.http.application.GYApplication - ###########START MAIN PROCESS###########
14:27:02,465 - INFO com.jh.server.http.request.HttpRequest - (Fail)End Generate Request Object
14:27:02,465 - INFO com.jh.server.http.request.HttpRequest - (Success)End Generate Request Object
14:27:02,466 - INFO com.jh.server.http.application.GYApplication - ############END MAIN PROCESS############
14:27:02,467 - INFO com.jh.server.http.application.GYApplication - HttpRequest [method=PROPFIND, protocol=HTTP/1.1, query=query, uri=/, remoteAddress=/0:0:0:0:0:0:0:1:54318, headerMap={Accept=*/*, Cache-Control=no-cache, User-Agent=PostmanRuntime/7.16.3, Connection=keep-alive, Postman-Token=5af7c966-91ef-4967-9dab-14e17b482cfd, Host=localhost:8080, Accept-Encoding=gzip, deflate, Content-Length=0}]
14:27:02,467 - INFO com.jh.server.http.application.GYApplication - ############END MAIN PROCESS############
14:27:29,742 - INFO com.jh.server.http.request.HttpRequest - (Fail)End Generate Request Object
14:27:29,742 - INFO com.jh.server.http.application.GYApplication - ###########START MAIN PROCESS###########
14:27:29,743 - INFO com.jh.server.http.application.GYApplication - ############END MAIN PROCESS############
14:27:29,744 - INFO com.jh.server.http.request.HttpRequest - (Success)End Generate Request Object
14:27:29,744 - INFO com.jh.server.http.application.GYApplication - HttpRequest [method=GET, protocol=HTTP/1.1, query=query, uri=/, remoteAddress=/0:0:0:0:0:0:0:1:54321, headerMap={Cache-Control=max-age=0, Accept=text/html,application/xhtml+xml,application/xml;q=0.9,image/webp,image/apng,*/*;q=0.8,application/signed-exchange;v=b3, Upgrade-Insecure-Requests=1, Connection=keep-alive, User-Agent=Mozilla/5.0 (Macintosh; Intel Mac OS X 10_13_6) AppleWebKit/537.36 (KHTML, like Gecko) Chrome/76.0.3809.132 Safari/537.36, Sec-Fetch-Site=none, Host=localhost:8080, Sec-Fetch-User=?1, Accept-Encoding=gzip, deflate, br, Accept-Language=ko-KR,ko;q=0.9,en-US;q=0.8,en;q=0.7, Sec-Fetch-Mode=navigate}]
14:27:29,744 - INFO com.jh.server.http.application.GYApplication - ###########START MAIN PROCESS###########
14:27:29,745 - INFO com.jh.server.http.application.GYApplication - ############END MAIN PROCESS############
14:27:47,255 - INFO com.jh.server.http.request.HttpRequest - (Fail)End Generate Request Object
14:27:47,255 - INFO com.jh.server.http.application.GYApplication - ############END MAIN PROCESS############
14:27:47,255 - INFO com.jh.server.http.application.GYApplication - ###########START MAIN PROCESS###########
14:27:47,256 - INFO com.jh.server.http.request.HttpRequest - (Success)End Generate Request Object
14:27:47,256 - INFO com.jh.server.http.application.GYApplication - ###########START MAIN PROCESS###########
14:27:47,256 - INFO com.jh.server.http.application.GYApplication - HttpRequest [method=GET, protocol=HTTP/1.1, query=query, uri=/, remoteAddress=/0:0:0:0:0:0:0:1:54323, headerMap={Cache-Control=max-age=0, Accept=text/html,application/xhtml+xml,application/xml;q=0.9,image/webp,image/apng,*/*;q=0.8,application/signed-exchange;v=b3, Upgrade-Insecure-Requests=1, Connection=keep-alive, User-Agent=Mozilla/5.0 (Macintosh; Intel Mac OS X 10_13_6) AppleWebKit/537.36 (KHTML, like Gecko) Chrome/76.0.3809.132 Safari/537.36, Sec-Fetch-Site=none, Host=localhost:8080, Sec-Fetch-User=?1, Accept-Encoding=gzip, deflate, br, Accept-Language=ko-KR,ko;q=0.9,en-US;q=0.8,en;q=0.7, Sec-Fetch-Mode=navigate}]
14:27:47,258 - INFO com.jh.server.http.application.GYApplication - ############END MAIN PROCESS############
14:28:15,081 - INFO com.jh.server.http.request.HttpRequest - (Fail)End Generate Request Object
14:28:15,082 - INFO com.jh.server.http.application.GYApplication - ###########START MAIN PROCESS###########
14:28:15,082 - INFO com.jh.server.http.application.GYApplication - ############END MAIN PROCESS############
14:28:15,082 - INFO com.jh.server.http.request.HttpRequest - (Success)End Generate Request Object
14:28:15,082 - INFO com.jh.server.http.application.GYApplication - HttpRequest [method=GET, protocol=HTTP/1.1, query=query, uri=/, remoteAddress=/0:0:0:0:0:0:0:1:54325, headerMap={Cache-Control=max-age=0, Accept=text/html,application/xhtml+xml,application/xml;q=0.9,image/webp,image/apng,*/*;q=0.8,application/signed-exchange;v=b3, Upgrade-Insecure-Requests=1, Connection=keep-alive, User-Agent=Mozilla/5.0 (Macintosh; Intel Mac OS X 10_13_6) AppleWebKit/537.36 (KHTML, like Gecko) Chrome/76.0.3809.132 Safari/537.36, Sec-Fetch-Site=none, Host=localhost:8080, Sec-Fetch-User=?1, Accept-Encoding=gzip, deflate, br, Accept-Language=ko-KR,ko;q=0.9,en-US;q=0.8,en;q=0.7, Sec-Fetch-Mode=navigate}]
14:28:15,083 - INFO com.jh.server.http.application.GYApplication - ###########START MAIN PROCESS###########
14:28:15,083 - INFO com.jh.server.http.application.GYApplication - ############END MAIN PROCESS############
14:28:39,119 - INFO com.jh.custom.config.HttpConfigDefault - [Sun Sep 15 14:28:39 KST 2019] Init http configuration [Default configuration]
14:28:39,121 - INFO com.jh.custom.config.HttpConfigDefault - PORT: 		8080
14:28:39,121 - INFO com.jh.custom.config.HttpConfigDefault - ROOT_PATH: 	
14:28:39,121 - INFO com.jh.custom.config.HttpConfigDefault - RESOURCE_PATH: 	resources/static/
14:28:39,123 - INFO com.jh.custom.config.HttpConfigDefault - WELCOME_FILE: 	resources/static/index.html
14:28:39,123 - INFO com.jh.custom.config.HttpConfigDefault - NOT_FOUND_FILE: 	resources/static/404.html
14:28:39,123 - INFO com.jh.custom.config.HttpConfigDefault - ERROR_FILE: 		resources/static/error.html
14:28:39,137 - INFO com.jh.server.GYServer - Start server..
14:28:42,483 - INFO com.jh.server.http.request.HttpRequest - (Success)End Generate Request Object
14:28:42,484 - INFO com.jh.server.http.application.GYApplication - HttpRequest [method=GET, protocol=HTTP/1.1, query=query, uri=/, remoteAddress=/0:0:0:0:0:0:0:1:54328, headerMap={Cache-Control=max-age=0, Accept=text/html,application/xhtml+xml,application/xml;q=0.9,image/webp,image/apng,*/*;q=0.8,application/signed-exchange;v=b3, Upgrade-Insecure-Requests=1, Connection=keep-alive, User-Agent=Mozilla/5.0 (Macintosh; Intel Mac OS X 10_13_6) AppleWebKit/537.36 (KHTML, like Gecko) Chrome/76.0.3809.132 Safari/537.36, Sec-Fetch-Site=none, Host=localhost:8080, Sec-Fetch-User=?1, Accept-Encoding=gzip, deflate, br, Accept-Language=ko-KR,ko;q=0.9,en-US;q=0.8,en;q=0.7, Sec-Fetch-Mode=navigate}]
14:28:47,471 - INFO com.jh.server.http.request.HttpRequest - (Success)End Generate Request Object
14:28:47,471 - INFO com.jh.server.http.application.GYApplication - HttpRequest [method=GET, protocol=HTTP/1.1, query=query, uri=/, remoteAddress=/0:0:0:0:0:0:0:1:54329, headerMap={Cache-Control=max-age=0, Accept=text/html,application/xhtml+xml,application/xml;q=0.9,image/webp,image/apng,*/*;q=0.8,application/signed-exchange;v=b3, Upgrade-Insecure-Requests=1, Connection=keep-alive, User-Agent=Mozilla/5.0 (Macintosh; Intel Mac OS X 10_13_6) AppleWebKit/537.36 (KHTML, like Gecko) Chrome/76.0.3809.132 Safari/537.36, Sec-Fetch-Site=none, Host=localhost:8080, Sec-Fetch-User=?1, Accept-Encoding=gzip, deflate, br, Accept-Language=ko-KR,ko;q=0.9,en-US;q=0.8,en;q=0.7, Sec-Fetch-Mode=navigate}]
14:28:54,766 - INFO com.jh.server.http.request.HttpRequest - (Success)End Generate Request Object
14:28:54,767 - INFO com.jh.server.http.application.GYApplication - HttpRequest [method=GET, protocol=HTTP/1.1, query=query, uri=/, remoteAddress=/0:0:0:0:0:0:0:1:54330, headerMap={Cache-Control=max-age=0, Accept=text/html,application/xhtml+xml,application/xml;q=0.9,image/webp,image/apng,*/*;q=0.8,application/signed-exchange;v=b3, Upgrade-Insecure-Requests=1, Connection=keep-alive, User-Agent=Mozilla/5.0 (Macintosh; Intel Mac OS X 10_13_6) AppleWebKit/537.36 (KHTML, like Gecko) Chrome/76.0.3809.132 Safari/537.36, Sec-Fetch-Site=none, Host=localhost:8080, Sec-Fetch-User=?1, Accept-Encoding=gzip, deflate, br, Accept-Language=ko-KR,ko;q=0.9,en-US;q=0.8,en;q=0.7, Sec-Fetch-Mode=navigate}]
14:28:54,927 - INFO com.jh.server.http.request.HttpRequest - (Success)End Generate Request Object
14:28:54,928 - INFO com.jh.server.http.application.GYApplication - HttpRequest [method=GET, protocol=HTTP/1.1, query=query, uri=/, remoteAddress=/0:0:0:0:0:0:0:1:54331, headerMap={Cache-Control=max-age=0, Accept=text/html,application/xhtml+xml,application/xml;q=0.9,image/webp,image/apng,*/*;q=0.8,application/signed-exchange;v=b3, Upgrade-Insecure-Requests=1, Connection=keep-alive, User-Agent=Mozilla/5.0 (Macintosh; Intel Mac OS X 10_13_6) AppleWebKit/537.36 (KHTML, like Gecko) Chrome/76.0.3809.132 Safari/537.36, Sec-Fetch-Site=none, Host=localhost:8080, Sec-Fetch-User=?1, Accept-Encoding=gzip, deflate, br, Accept-Language=ko-KR,ko;q=0.9,en-US;q=0.8,en;q=0.7, Sec-Fetch-Mode=navigate}]
14:28:55,074 - INFO com.jh.server.http.request.HttpRequest - (Success)End Generate Request Object
14:28:55,075 - INFO com.jh.server.http.application.GYApplication - HttpRequest [method=GET, protocol=HTTP/1.1, query=query, uri=/, remoteAddress=/0:0:0:0:0:0:0:1:54332, headerMap={Cache-Control=max-age=0, Accept=text/html,application/xhtml+xml,application/xml;q=0.9,image/webp,image/apng,*/*;q=0.8,application/signed-exchange;v=b3, Upgrade-Insecure-Requests=1, Connection=keep-alive, User-Agent=Mozilla/5.0 (Macintosh; Intel Mac OS X 10_13_6) AppleWebKit/537.36 (KHTML, like Gecko) Chrome/76.0.3809.132 Safari/537.36, Sec-Fetch-Site=none, Host=localhost:8080, Sec-Fetch-User=?1, Accept-Encoding=gzip, deflate, br, Accept-Language=ko-KR,ko;q=0.9,en-US;q=0.8,en;q=0.7, Sec-Fetch-Mode=navigate}]
14:28:55,224 - INFO com.jh.server.http.request.HttpRequest - (Success)End Generate Request Object
14:28:55,224 - INFO com.jh.server.http.application.GYApplication - HttpRequest [method=GET, protocol=HTTP/1.1, query=query, uri=/, remoteAddress=/0:0:0:0:0:0:0:1:54333, headerMap={Cache-Control=max-age=0, Accept=text/html,application/xhtml+xml,application/xml;q=0.9,image/webp,image/apng,*/*;q=0.8,application/signed-exchange;v=b3, Upgrade-Insecure-Requests=1, Connection=keep-alive, User-Agent=Mozilla/5.0 (Macintosh; Intel Mac OS X 10_13_6) AppleWebKit/537.36 (KHTML, like Gecko) Chrome/76.0.3809.132 Safari/537.36, Sec-Fetch-Site=none, Host=localhost:8080, Sec-Fetch-User=?1, Accept-Encoding=gzip, deflate, br, Accept-Language=ko-KR,ko;q=0.9,en-US;q=0.8,en;q=0.7, Sec-Fetch-Mode=navigate}]
14:29:06,900 - INFO com.jh.server.http.request.HttpRequest - (Fail)End Generate Request Object
14:29:06,900 - INFO com.jh.server.http.request.HttpRequest - (Success)End Generate Request Object
14:29:06,901 - INFO com.jh.server.http.application.GYApplication - HttpRequest [method=PROPFIND, protocol=HTTP/1.1, query=query, uri=/, remoteAddress=/0:0:0:0:0:0:0:1:54336, headerMap={Accept=*/*, Cache-Control=no-cache, User-Agent=PostmanRuntime/7.16.3, Connection=keep-alive, Postman-Token=d407b9b3-c375-4ade-af24-e980b49632cb, Host=localhost:8080, Accept-Encoding=gzip, deflate, Content-Length=0}]
14:31:01,786 - INFO com.jh.server.http.request.HttpRequest - (Fail)End Generate Request Object
14:33:31,630 - INFO com.jh.server.http.request.HttpRequest - (Success)End Generate Request Object
14:33:31,631 - INFO com.jh.server.http.application.GYApplication - HttpRequest [method=GET, protocol=HTTP/1.1, query=query, uri=/, remoteAddress=/127.0.0.1:54366, headerMap={Accept=text/html, image/gif, image/jpeg, *; q=.2, */*; q=.2, User-Agent=Mozilla/5.0, Connection=keep-alive, Host=localhost:8080}]
14:34:12,403 - INFO com.jh.server.http.request.HttpRequest - (Success)End Generate Request Object
14:34:12,403 - INFO com.jh.server.http.application.GYApplication - HttpRequest [method=GET, protocol=HTTP/1.1, query=query, uri=/, remoteAddress=/127.0.0.1:54367, headerMap={Accept=text/html, image/gif, image/jpeg, *; q=.2, */*; q=.2, User-Agent=Mozilla/5.0, Connection=keep-alive, Host=localhost:8080}]
14:35:50,143 - INFO com.jh.server.http.request.HttpRequest - (Success)End Generate Request Object
14:35:50,143 - INFO com.jh.server.http.application.GYApplication - HttpRequest [method=GET, protocol=HTTP/1.1, query=query, uri=/, remoteAddress=/127.0.0.1:54380, headerMap={Accept=text/html, image/gif, image/jpeg, *; q=.2, */*; q=.2, User-Agent=Mozilla/5.0, Connection=keep-alive, Host=localhost:8080}]
14:36:07,758 - INFO com.jh.server.http.request.HttpRequest - (Success)End Generate Request Object
14:36:07,759 - INFO com.jh.server.http.application.GYApplication - HttpRequest [method=GET, protocol=HTTP/1.1, query=query, uri=/, remoteAddress=/127.0.0.1:54384, headerMap={Accept=text/html, image/gif, image/jpeg, *; q=.2, */*; q=.2, User-Agent=Java/1.8.0_191, Connection=keep-alive, Host=localhost:8080}]
14:36:33,192 - INFO com.jh.server.http.request.HttpRequest - (Success)End Generate Request Object
14:36:33,193 - INFO com.jh.server.http.application.GYApplication - HttpRequest [method=GET, protocol=HTTP/1.1, query=query, uri=/, remoteAddress=/127.0.0.1:54385, headerMap={Accept=text/html, image/gif, image/jpeg, *; q=.2, */*; q=.2, User-Agent=Java/1.8.0_191, Connection=keep-alive, Host=localhost:8080}]
14:39:41,193 - INFO com.jh.server.http.request.HttpRequest - (Success)End Generate Request Object
14:39:41,194 - INFO com.jh.server.http.application.GYApplication - HttpRequest [method=GET, protocol=HTTP/1.1, query=query, uri=/, remoteAddress=/127.0.0.1:54425, headerMap={Accept=text/html, image/gif, image/jpeg, *; q=.2, */*; q=.2, User-Agent=Mozilla/5.0, Connection=keep-alive, Host=localhost:8080}]
14:40:18,146 - INFO com.jh.server.http.request.HttpRequest - (Fail)End Generate Request Object
14:40:27,648 - INFO com.jh.server.http.request.HttpRequest - (Fail)End Generate Request Object
14:40:44,599 - INFO com.jh.server.http.request.HttpRequest - (Success)End Generate Request Object
14:40:44,599 - INFO com.jh.server.http.application.GYApplication - HttpRequest [method=GET, protocol=HTTP/1.1, query=query, uri=/, remoteAddress=/127.0.0.1:54443, headerMap={Accept=text/html, image/gif, image/jpeg, *; q=.2, */*; q=.2, User-Agent=Mozilla/5.0, Connection=keep-alive, Host=localhost:8080}]
14:43:06,702 - INFO com.jh.server.http.request.HttpRequest - (Success)End Generate Request Object
14:43:06,703 - INFO com.jh.server.http.application.GYApplication - HttpRequest [method=GET, protocol=HTTP/1.1, query=query, uri=/, remoteAddress=/127.0.0.1:54454, headerMap={Accept=text/html, image/gif, image/jpeg, *; q=.2, */*; q=.2, User-Agent=Mozilla/5.0, Connection=keep-alive, Host=localhost:8080}]
14:43:31,077 - INFO com.jh.server.http.request.HttpRequest - (Success)End Generate Request Object
14:43:31,077 - INFO com.jh.server.http.application.GYApplication - HttpRequest [method=GET, protocol=HTTP/1.1, query=query, uri=/, remoteAddress=/127.0.0.1:54455, headerMap={Accept=text/html, image/gif, image/jpeg, *; q=.2, */*; q=.2, User-Agent=Mozilla/5.0, Connection=keep-alive, Host=localhost:8080}]
14:44:00,012 - INFO com.jh.custom.config.HttpConfigDefault - [Sun Sep 15 14:44:00 KST 2019] Init http configuration [Default configuration]
14:44:00,014 - INFO com.jh.custom.config.HttpConfigDefault - PORT: 		8080
14:44:00,015 - INFO com.jh.custom.config.HttpConfigDefault - ROOT_PATH: 	
14:44:00,015 - INFO com.jh.custom.config.HttpConfigDefault - RESOURCE_PATH: 	resources/static/
14:44:00,016 - INFO com.jh.custom.config.HttpConfigDefault - WELCOME_FILE: 	resources/static/index.html
14:44:00,017 - INFO com.jh.custom.config.HttpConfigDefault - NOT_FOUND_FILE: 	resources/static/404.html
14:44:00,017 - INFO com.jh.custom.config.HttpConfigDefault - ERROR_FILE: 		resources/static/error.html
14:44:00,028 - INFO com.jh.server.GYServer - Start server..
14:44:04,353 - INFO com.jh.server.http.request.HttpRequest - (Success)End Generate Request Object
14:44:04,353 - INFO com.jh.server.http.application.GYApplication - HttpRequest [method=GET, protocol=HTTP/1.1, query=query, uri=/, remoteAddress=/0:0:0:0:0:0:0:1:54457, headerMap={Cache-Control=max-age=0, Accept=text/html,application/xhtml+xml,application/xml;q=0.9,image/webp,image/apng,*/*;q=0.8,application/signed-exchange;v=b3, Upgrade-Insecure-Requests=1, Connection=keep-alive, User-Agent=Mozilla/5.0 (Macintosh; Intel Mac OS X 10_13_6) AppleWebKit/537.36 (KHTML, like Gecko) Chrome/76.0.3809.132 Safari/537.36, Sec-Fetch-Site=none, Host=localhost:8080, Sec-Fetch-User=?1, Accept-Encoding=gzip, deflate, br, Accept-Language=ko-KR,ko;q=0.9,en-US;q=0.8,en;q=0.7, Sec-Fetch-Mode=navigate}]
14:44:36,043 - INFO com.jh.server.http.request.HttpRequest - (Fail)End Generate Request Object
14:44:36,044 - INFO com.jh.server.http.request.HttpRequest - (Success)End Generate Request Object
14:44:36,045 - INFO com.jh.server.http.application.GYApplication - HttpRequest [method=GET, protocol=HTTP/1.1, query=query, uri=/, remoteAddress=/0:0:0:0:0:0:0:1:54507, headerMap={Cache-Control=no-cache, Accept=text/html,application/xhtml+xml,application/xml;q=0.9,image/webp,image/apng,*/*;q=0.8,application/signed-exchange;v=b3, Upgrade-Insecure-Requests=1, Connection=keep-alive, User-Agent=Mozilla/5.0 (Macintosh; Intel Mac OS X 10_13_6) AppleWebKit/537.36 (KHTML, like Gecko) Chrome/76.0.3809.132 Safari/537.36, Sec-Fetch-Site=none, Host=localhost:8080, Sec-Fetch-User=?1, Pragma=no-cache, Accept-Encoding=gzip, deflate, br, Accept-Language=ko-KR,ko;q=0.9,en-US;q=0.8,en;q=0.7, Sec-Fetch-Mode=navigate}]
14:46:24,443 - INFO com.jh.custom.config.HttpConfigDefault - [Sun Sep 15 14:46:24 KST 2019] Init http configuration [Default configuration]
14:46:24,445 - INFO com.jh.custom.config.HttpConfigDefault - PORT: 		8080
14:46:24,445 - INFO com.jh.custom.config.HttpConfigDefault - ROOT_PATH: 	
14:46:24,445 - INFO com.jh.custom.config.HttpConfigDefault - RESOURCE_PATH: 	resources/static/
14:46:24,447 - INFO com.jh.custom.config.HttpConfigDefault - WELCOME_FILE: 	resources/static/index.html
14:46:24,447 - INFO com.jh.custom.config.HttpConfigDefault - NOT_FOUND_FILE: 	resources/static/404.html
14:46:24,447 - INFO com.jh.custom.config.HttpConfigDefault - ERROR_FILE: 		resources/static/error.html
14:46:24,458 - INFO com.jh.server.GYServer - Start server..
14:46:27,125 - INFO com.jh.server.http.request.HttpRequest - (Success)End Generate Request Object
14:46:27,125 - INFO com.jh.server.http.application.GYApplication - HttpRequest [method=GET, protocol=HTTP/1.1, query=query, uri=/, remoteAddress=/0:0:0:0:0:0:0:1:54959, headerMap={Cache-Control=no-cache, Accept=text/html,application/xhtml+xml,application/xml;q=0.9,image/webp,image/apng,*/*;q=0.8,application/signed-exchange;v=b3, Upgrade-Insecure-Requests=1, Connection=keep-alive, User-Agent=Mozilla/5.0 (Macintosh; Intel Mac OS X 10_13_6) AppleWebKit/537.36 (KHTML, like Gecko) Chrome/76.0.3809.132 Safari/537.36, Sec-Fetch-Site=none, Host=localhost:8080, Sec-Fetch-User=?1, Pragma=no-cache, Accept-Encoding=gzip, deflate, br, Accept-Language=ko-KR,ko;q=0.9,en-US;q=0.8,en;q=0.7, Sec-Fetch-Mode=navigate}]
14:46:27,754 - INFO com.jh.server.http.request.HttpRequest - (Success)End Generate Request Object
14:46:27,754 - INFO com.jh.server.http.application.GYApplication - HttpRequest [method=GET, protocol=HTTP/1.1, query=query, uri=/, remoteAddress=/0:0:0:0:0:0:0:1:54960, headerMap={Cache-Control=no-cache, Accept=text/html,application/xhtml+xml,application/xml;q=0.9,image/webp,image/apng,*/*;q=0.8,application/signed-exchange;v=b3, Upgrade-Insecure-Requests=1, Connection=keep-alive, User-Agent=Mozilla/5.0 (Macintosh; Intel Mac OS X 10_13_6) AppleWebKit/537.36 (KHTML, like Gecko) Chrome/76.0.3809.132 Safari/537.36, Sec-Fetch-Site=none, Host=localhost:8080, Sec-Fetch-User=?1, Pragma=no-cache, Accept-Encoding=gzip, deflate, br, Accept-Language=ko-KR,ko;q=0.9,en-US;q=0.8,en;q=0.7, Sec-Fetch-Mode=navigate}]
14:47:31,848 - INFO com.jh.server.http.request.HttpRequest - (Fail)End Generate Request Object
14:47:31,849 - INFO com.jh.server.http.request.HttpRequest - (Success)End Generate Request Object
14:47:31,849 - INFO com.jh.server.http.application.GYApplication - HttpRequest [method=GET, protocol=HTTP/1.1, query=query, uri=/, remoteAddress=/0:0:0:0:0:0:0:1:55226, headerMap={Cache-Control=no-cache, Accept=text/html,application/xhtml+xml,application/xml;q=0.9,image/webp,image/apng,*/*;q=0.8,application/signed-exchange;v=b3, Upgrade-Insecure-Requests=1, Connection=keep-alive, User-Agent=Mozilla/5.0 (Macintosh; Intel Mac OS X 10_13_6) AppleWebKit/537.36 (KHTML, like Gecko) Chrome/76.0.3809.132 Safari/537.36, Sec-Fetch-Site=none, Host=localhost:8080, Sec-Fetch-User=?1, Pragma=no-cache, Accept-Encoding=gzip, deflate, br, Accept-Language=ko-KR,ko;q=0.9,en-US;q=0.8,en;q=0.7, Sec-Fetch-Mode=navigate}]
14:47:32,017 - INFO com.jh.server.http.request.HttpRequest - (Success)End Generate Request Object
14:47:32,019 - INFO com.jh.server.http.application.GYApplication - HttpRequest [method=GET, protocol=HTTP/1.1, query=query, uri=/, remoteAddress=/0:0:0:0:0:0:0:1:55227, headerMap={Cache-Control=no-cache, Accept=text/html,application/xhtml+xml,application/xml;q=0.9,image/webp,image/apng,*/*;q=0.8,application/signed-exchange;v=b3, Upgrade-Insecure-Requests=1, Connection=keep-alive, User-Agent=Mozilla/5.0 (Macintosh; Intel Mac OS X 10_13_6) AppleWebKit/537.36 (KHTML, like Gecko) Chrome/76.0.3809.132 Safari/537.36, Sec-Fetch-Site=none, Host=localhost:8080, Sec-Fetch-User=?1, Pragma=no-cache, Accept-Encoding=gzip, deflate, br, Accept-Language=ko-KR,ko;q=0.9,en-US;q=0.8,en;q=0.7, Sec-Fetch-Mode=navigate}]
14:47:32,175 - INFO com.jh.server.http.request.HttpRequest - (Success)End Generate Request Object
14:47:32,176 - INFO com.jh.server.http.application.GYApplication - HttpRequest [method=GET, protocol=HTTP/1.1, query=query, uri=/, remoteAddress=/0:0:0:0:0:0:0:1:55228, headerMap={Cache-Control=no-cache, Accept=text/html,application/xhtml+xml,application/xml;q=0.9,image/webp,image/apng,*/*;q=0.8,application/signed-exchange;v=b3, Upgrade-Insecure-Requests=1, Connection=keep-alive, User-Agent=Mozilla/5.0 (Macintosh; Intel Mac OS X 10_13_6) AppleWebKit/537.36 (KHTML, like Gecko) Chrome/76.0.3809.132 Safari/537.36, Sec-Fetch-Site=none, Host=localhost:8080, Sec-Fetch-User=?1, Pragma=no-cache, Accept-Encoding=gzip, deflate, br, Accept-Language=ko-KR,ko;q=0.9,en-US;q=0.8,en;q=0.7, Sec-Fetch-Mode=navigate}]
14:47:32,349 - INFO com.jh.server.http.request.HttpRequest - (Success)End Generate Request Object
14:47:32,350 - INFO com.jh.server.http.application.GYApplication - HttpRequest [method=GET, protocol=HTTP/1.1, query=query, uri=/, remoteAddress=/0:0:0:0:0:0:0:1:55229, headerMap={Cache-Control=no-cache, Accept=text/html,application/xhtml+xml,application/xml;q=0.9,image/webp,image/apng,*/*;q=0.8,application/signed-exchange;v=b3, Upgrade-Insecure-Requests=1, Connection=keep-alive, User-Agent=Mozilla/5.0 (Macintosh; Intel Mac OS X 10_13_6) AppleWebKit/537.36 (KHTML, like Gecko) Chrome/76.0.3809.132 Safari/537.36, Sec-Fetch-Site=none, Host=localhost:8080, Sec-Fetch-User=?1, Pragma=no-cache, Accept-Encoding=gzip, deflate, br, Accept-Language=ko-KR,ko;q=0.9,en-US;q=0.8,en;q=0.7, Sec-Fetch-Mode=navigate}]
14:47:32,500 - INFO com.jh.server.http.request.HttpRequest - (Success)End Generate Request Object
14:47:32,500 - INFO com.jh.server.http.application.GYApplication - HttpRequest [method=GET, protocol=HTTP/1.1, query=query, uri=/, remoteAddress=/0:0:0:0:0:0:0:1:55234, headerMap={Cache-Control=no-cache, Accept=text/html,application/xhtml+xml,application/xml;q=0.9,image/webp,image/apng,*/*;q=0.8,application/signed-exchange;v=b3, Upgrade-Insecure-Requests=1, Connection=keep-alive, User-Agent=Mozilla/5.0 (Macintosh; Intel Mac OS X 10_13_6) AppleWebKit/537.36 (KHTML, like Gecko) Chrome/76.0.3809.132 Safari/537.36, Sec-Fetch-Site=none, Host=localhost:8080, Sec-Fetch-User=?1, Pragma=no-cache, Accept-Encoding=gzip, deflate, br, Accept-Language=ko-KR,ko;q=0.9,en-US;q=0.8,en;q=0.7, Sec-Fetch-Mode=navigate}]
14:47:32,659 - INFO com.jh.server.http.request.HttpRequest - (Success)End Generate Request Object
14:47:32,660 - INFO com.jh.server.http.application.GYApplication - HttpRequest [method=GET, protocol=HTTP/1.1, query=query, uri=/, remoteAddress=/0:0:0:0:0:0:0:1:55235, headerMap={Cache-Control=no-cache, Accept=text/html,application/xhtml+xml,application/xml;q=0.9,image/webp,image/apng,*/*;q=0.8,application/signed-exchange;v=b3, Upgrade-Insecure-Requests=1, Connection=keep-alive, User-Agent=Mozilla/5.0 (Macintosh; Intel Mac OS X 10_13_6) AppleWebKit/537.36 (KHTML, like Gecko) Chrome/76.0.3809.132 Safari/537.36, Sec-Fetch-Site=none, Host=localhost:8080, Sec-Fetch-User=?1, Pragma=no-cache, Accept-Encoding=gzip, deflate, br, Accept-Language=ko-KR,ko;q=0.9,en-US;q=0.8,en;q=0.7, Sec-Fetch-Mode=navigate}]
14:47:32,823 - INFO com.jh.server.http.request.HttpRequest - (Success)End Generate Request Object
14:47:32,823 - INFO com.jh.server.http.application.GYApplication - HttpRequest [method=GET, protocol=HTTP/1.1, query=query, uri=/, remoteAddress=/0:0:0:0:0:0:0:1:55236, headerMap={Cache-Control=no-cache, Accept=text/html,application/xhtml+xml,application/xml;q=0.9,image/webp,image/apng,*/*;q=0.8,application/signed-exchange;v=b3, Upgrade-Insecure-Requests=1, Connection=keep-alive, User-Agent=Mozilla/5.0 (Macintosh; Intel Mac OS X 10_13_6) AppleWebKit/537.36 (KHTML, like Gecko) Chrome/76.0.3809.132 Safari/537.36, Sec-Fetch-Site=none, Host=localhost:8080, Sec-Fetch-User=?1, Pragma=no-cache, Accept-Encoding=gzip, deflate, br, Accept-Language=ko-KR,ko;q=0.9,en-US;q=0.8,en;q=0.7, Sec-Fetch-Mode=navigate}]
14:47:32,991 - INFO com.jh.server.http.request.HttpRequest - (Success)End Generate Request Object
14:47:32,992 - INFO com.jh.server.http.application.GYApplication - HttpRequest [method=GET, protocol=HTTP/1.1, query=query, uri=/, remoteAddress=/0:0:0:0:0:0:0:1:55237, headerMap={Cache-Control=no-cache, Accept=text/html,application/xhtml+xml,application/xml;q=0.9,image/webp,image/apng,*/*;q=0.8,application/signed-exchange;v=b3, Upgrade-Insecure-Requests=1, Connection=keep-alive, User-Agent=Mozilla/5.0 (Macintosh; Intel Mac OS X 10_13_6) AppleWebKit/537.36 (KHTML, like Gecko) Chrome/76.0.3809.132 Safari/537.36, Sec-Fetch-Site=none, Host=localhost:8080, Sec-Fetch-User=?1, Pragma=no-cache, Accept-Encoding=gzip, deflate, br, Accept-Language=ko-KR,ko;q=0.9,en-US;q=0.8,en;q=0.7, Sec-Fetch-Mode=navigate}]
14:47:33,150 - INFO com.jh.server.http.request.HttpRequest - (Success)End Generate Request Object
14:47:33,150 - INFO com.jh.server.http.application.GYApplication - HttpRequest [method=GET, protocol=HTTP/1.1, query=query, uri=/, remoteAddress=/0:0:0:0:0:0:0:1:55238, headerMap={Cache-Control=no-cache, Accept=text/html,application/xhtml+xml,application/xml;q=0.9,image/webp,image/apng,*/*;q=0.8,application/signed-exchange;v=b3, Upgrade-Insecure-Requests=1, Connection=keep-alive, User-Agent=Mozilla/5.0 (Macintosh; Intel Mac OS X 10_13_6) AppleWebKit/537.36 (KHTML, like Gecko) Chrome/76.0.3809.132 Safari/537.36, Sec-Fetch-Site=none, Host=localhost:8080, Sec-Fetch-User=?1, Pragma=no-cache, Accept-Encoding=gzip, deflate, br, Accept-Language=ko-KR,ko;q=0.9,en-US;q=0.8,en;q=0.7, Sec-Fetch-Mode=navigate}]
14:47:33,314 - INFO com.jh.server.http.request.HttpRequest - (Success)End Generate Request Object
14:47:33,315 - INFO com.jh.server.http.application.GYApplication - HttpRequest [method=GET, protocol=HTTP/1.1, query=query, uri=/, remoteAddress=/0:0:0:0:0:0:0:1:55239, headerMap={Cache-Control=no-cache, Accept=text/html,application/xhtml+xml,application/xml;q=0.9,image/webp,image/apng,*/*;q=0.8,application/signed-exchange;v=b3, Upgrade-Insecure-Requests=1, Connection=keep-alive, User-Agent=Mozilla/5.0 (Macintosh; Intel Mac OS X 10_13_6) AppleWebKit/537.36 (KHTML, like Gecko) Chrome/76.0.3809.132 Safari/537.36, Sec-Fetch-Site=none, Host=localhost:8080, Sec-Fetch-User=?1, Pragma=no-cache, Accept-Encoding=gzip, deflate, br, Accept-Language=ko-KR,ko;q=0.9,en-US;q=0.8,en;q=0.7, Sec-Fetch-Mode=navigate}]
14:47:33,448 - INFO com.jh.server.http.request.HttpRequest - (Success)End Generate Request Object
14:47:33,449 - INFO com.jh.server.http.application.GYApplication - HttpRequest [method=GET, protocol=HTTP/1.1, query=query, uri=/, remoteAddress=/0:0:0:0:0:0:0:1:55240, headerMap={Cache-Control=no-cache, Accept=text/html,application/xhtml+xml,application/xml;q=0.9,image/webp,image/apng,*/*;q=0.8,application/signed-exchange;v=b3, Upgrade-Insecure-Requests=1, Connection=keep-alive, User-Agent=Mozilla/5.0 (Macintosh; Intel Mac OS X 10_13_6) AppleWebKit/537.36 (KHTML, like Gecko) Chrome/76.0.3809.132 Safari/537.36, Sec-Fetch-Site=none, Host=localhost:8080, Sec-Fetch-User=?1, Pragma=no-cache, Accept-Encoding=gzip, deflate, br, Accept-Language=ko-KR,ko;q=0.9,en-US;q=0.8,en;q=0.7, Sec-Fetch-Mode=navigate}]
14:47:53,533 - INFO com.jh.server.http.request.HttpRequest - (Fail)End Generate Request Object
14:47:53,533 - INFO com.jh.server.http.request.HttpRequest - (Success)End Generate Request Object
14:47:53,535 - INFO com.jh.server.http.application.GYApplication - HttpRequest [method=COPY, protocol=HTTP/1.1, query=query, uri=/, remoteAddress=/0:0:0:0:0:0:0:1:55327, headerMap={Accept=*/*, Cache-Control=no-cache, User-Agent=PostmanRuntime/7.16.3, Connection=keep-alive, Postman-Token=2a015ea8-47bc-45c5-8b94-90a27605ca40, Host=localhost:8080, Accept-Encoding=gzip, deflate, Content-Length=0}]
14:48:52,687 - INFO com.jh.server.http.request.HttpRequest - (Fail)End Generate Request Object
